<?xml version="1.0" encoding="UTF-8"?>
<!-- Generated by org.testng.reporters.JUnitReportReporter -->
<testsuite skipped="0" hostname="Home" name="tests.RandomTests" tests="5" failures="0" timestamp="02 avg 2018 17:47:30 GMT" time="11.337" errors="0">
  <testcase name="LogIn" time="4.015" classname="tests.RandomTests"/>
  <testcase name="newInvoice" time="2.406" classname="tests.RandomTests"/>
  <testcase name="addInputs" time="0.285" classname="tests.RandomTests"/>
  <testcase name="save" time="0.388" classname="tests.RandomTests"/>
  <testcase name="verifyErrors" time="4.243" classname="tests.RandomTests"/>
</testsuite> <!-- tests.RandomTests -->
