<?xml version="1.0" encoding="UTF-8"?>
<!-- Generated by org.testng.reporters.JUnitReportReporter -->
<testsuite skipped="0" hostname="Home" name="tests.InvoiceTest2" tests="4" failures="0" timestamp="02 avg 2018 12:08:12 GMT" time="10.514" errors="0">
  <testcase name="LogIn" time="7.194" classname="tests.InvoiceTest2"/>
  <testcase name="newInvoice" time="2.482" classname="tests.InvoiceTest2"/>
  <testcase name="newInvoicetry" time="0.105" classname="tests.InvoiceTest2"/>
  <testcase name="selectBasis" time="0.733" classname="tests.InvoiceTest2"/>
</testsuite> <!-- tests.InvoiceTest2 -->
